TN:
SF:/Users/cliffano/dev/workspace/roombox/lib/cli.js
FN:6,_start
FN:15,(anonymous_2)
FN:20,_check
FN:23,_prompt
FN:25,(anonymous_5)
FN:39,exec
FNF:6
FNH:6
FNDA:1,_start
FNDA:1,(anonymous_2)
FNDA:3,_check
FNDA:2,_prompt
FNDA:2,(anonymous_5)
FNDA:2,exec
DA:1,1
DA:6,1
DA:8,1
DA:14,1
DA:15,1
DA:16,1
DA:19,1
DA:20,1
DA:21,3
DA:23,1
DA:24,2
DA:25,2
DA:26,2
DA:27,2
DA:28,1
DA:30,1
DA:39,1
DA:41,2
DA:47,2
DA:50,1
LF:20
LH:20
BRDA:27,1,0,1
BRDA:27,1,1,1
BRF:2
BRH:2
end_of_record
TN:
SF:/Users/cliffano/dev/workspace/roombox/lib/roombox.js
FN:8,Roombox
FN:21,(anonymous_2)
FN:43,(anonymous_3)
FN:55,(anonymous_4)
FN:72,_processSegmentNote
FN:92,play
FNF:6
FNH:6
FNDA:4,Roombox
FNDA:2,(anonymous_2)
FNDA:2,(anonymous_3)
FNDA:1,(anonymous_4)
FNDA:16,_processSegmentNote
FNDA:1,play
DA:1,1
DA:8,1
DA:9,4
DA:21,1
DA:23,2
DA:24,2
DA:26,2
DA:37,2
DA:42,2
DA:43,2
DA:44,2
DA:45,2
DA:55,1
DA:56,1
DA:60,1
DA:63,1
DA:66,1
DA:72,1
DA:73,16
DA:74,16
DA:75,16
DA:78,1
DA:80,1
DA:84,1
DA:85,1
DA:86,1
DA:87,1
DA:89,1
DA:92,1
DA:93,1
DA:94,1
DA:95,1
DA:96,1
DA:99,1
DA:102,1
LF:35
LH:35
BRDA:28,1,0,2
BRDA:28,1,1,1
BRDA:30,2,0,2
BRDA:30,2,1,1
BRF:4
BRH:4
end_of_record
TN:
SF:/Users/cliffano/dev/workspace/roombox/lib/playlist.js
FN:9,Playlist
FN:18,(anonymous_2)
FN:22,(anonymous_3)
FN:41,(anonymous_4)
FN:49,(anonymous_5)
FNF:5
FNH:5
FNDA:10,Playlist
FNDA:3,(anonymous_2)
FNDA:2,(anonymous_3)
FNDA:2,(anonymous_4)
FNDA:1,(anonymous_5)
DA:1,1
DA:9,1
DA:10,10
DA:18,1
DA:19,3
DA:22,3
DA:23,2
DA:26,2
DA:27,1
DA:28,1
DA:30,1
DA:41,1
DA:42,2
DA:49,1
DA:50,1
DA:51,1
DA:55,1
LF:17
LH:17
BRDA:26,1,0,1
BRDA:26,1,1,1
BRF:2
BRH:2
end_of_record
TN:
SF:/Users/cliffano/dev/workspace/roombox/lib/converters/abc.js
FN:17,convert
FN:19,(anonymous_2)
FN:30,(anonymous_3)
FN:31,(anonymous_4)
FN:32,(anonymous_5)
FN:33,(anonymous_6)
FN:34,(anonymous_7)
FNF:7
FNH:7
FNDA:4,convert
FNDA:12,(anonymous_2)
FNDA:6,(anonymous_3)
FNDA:3,(anonymous_4)
FNDA:21,(anonymous_5)
FNDA:126,(anonymous_6)
FNDA:177,(anonymous_7)
DA:1,1
DA:4,1
DA:17,1
DA:19,4
DA:20,12
DA:23,4
DA:30,3
DA:31,6
DA:32,3
DA:33,21
DA:34,126
DA:35,177
DA:36,177
DA:37,93
DA:45,3
DA:48,1
LF:16
LH:16
BRDA:36,1,0,93
BRDA:36,1,1,84
BRF:2
BRH:2
end_of_record
